# JRE version: Java(TM) SE Runtime Environment (8.0_131-b11) (build 1.8.0_131-b11)
# Java VM: Java HotSpot(TM) 64-Bit Server VM (25.131-b11 mixed mode bsd-amd64 compressed oops)
Heap:
 PSYoungGen      total 134656K, used 1328K [0x0000000795580000, 0x00000007a5900000, 0x00000007c0000000)
  eden space 130560K, 1% used [0x0000000795580000,0x00000007956cc0c0,0x000000079d500000)
  from space 4096K, 0% used [0x00000007a4c80000,0x00000007a4c80000,0x00000007a5080000)
  to   space 8704K, 0% used [0x00000007a5080000,0x00000007a5080000,0x00000007a5900000)
 ParOldGen       total 58880K, used 12060K [0x0000000740000000, 0x0000000743980000, 0x0000000795580000)
  object space 58880K, 20% used [0x0000000740000000,0x0000000740bc7130,0x0000000743980000)
 Metaspace       used 21835K, capacity 22570K, committed 22784K, reserved 1069056K
  class space    used 2838K, capacity 3046K, committed 3072K, reserved 1048576K
GC Heap History (10 events):
Event: 53.721 GC heap before
{Heap before GC invocations=19 (full 1):
 PSYoungGen      total 159744K, used 158920K [0x0000000795580000, 0x00000007a6800000, 0x00000007c0000000)
  eden space 152064K, 99% used [0x0000000795580000,0x000000079e982248,0x000000079ea00000)
  from space 7680K, 95% used [0x00000007a5980000,0x00000007a60b0060,0x00000007a6100000)
  to   space 7168K, 0% used [0x00000007a6100000,0x00000007a6100000,0x00000007a6800000)
 ParOldGen       total 64512K, used 43140K [0x0000000740000000, 0x0000000743f00000, 0x0000000795580000)
  object space 64512K, 66% used [0x0000000740000000,0x0000000742a212c0,0x0000000743f00000)
 Metaspace       used 21740K, capacity 22392K, committed 22528K, reserved 1069056K
  class space    used 2831K, capacity 3035K, committed 3072K, reserved 1048576K
Event: 53.723 GC heap after
Heap after GC invocations=19 (full 1):
 PSYoungGen      total 153088K, used 6160K [0x0000000795580000, 0x00000007a6780000, 0x00000007c0000000)
  eden space 146432K, 0% used [0x0000000795580000,0x0000000795580000,0x000000079e480000)
  from space 6656K, 92% used [0x00000007a6100000,0x00000007a6704050,0x00000007a6780000)
  to   space 10240K, 0% used [0x00000007a5380000,0x00000007a5380000,0x00000007a5d80000)
 ParOldGen       total 64512K, used 47972K [0x0000000740000000, 0x0000000743f00000, 0x0000000795580000)
  object space 64512K, 74% used [0x0000000740000000,0x0000000742ed9300,0x0000000743f00000)
 Metaspace       used 21740K, capacity 22392K, committed 22528K, reserved 1069056K
  class space    used 2831K, capacity 3035K, committed 3072K, reserved 1048576K
}
Event: 55.052 GC heap before
{Heap before GC invocations=20 (full 1):
 PSYoungGen      total 153088K, used 152160K [0x0000000795580000, 0x00000007a6780000, 0x00000007c0000000)
  eden space 146432K, 99% used [0x0000000795580000,0x000000079e414238,0x000000079e480000)
  from space 6656K, 92% used [0x00000007a6100000,0x00000007a6704050,0x00000007a6780000)
  to   space 10240K, 0% used [0x00000007a5380000,0x00000007a5380000,0x00000007a5d80000)
 ParOldGen       total 64512K, used 47972K [0x0000000740000000, 0x0000000743f00000, 0x0000000795580000)
  object space 64512K, 74% used [0x0000000740000000,0x0000000742ed9300,0x0000000743f00000)
 Metaspace       used 21769K, capacity 22456K, committed 22784K, reserved 1069056K
  class space    used 2831K, capacity 3035K, committed 3072K, reserved 1048576K
Event: 55.058 GC heap after
Heap after GC invocations=20 (full 1):
 PSYoungGen      total 145920K, used 5084K [0x0000000795580000, 0x00000007a6180000, 0x00000007c0000000)
  eden space 140800K, 0% used [0x0000000795580000,0x0000000795580000,0x000000079df00000)
  from space 5120K, 99% used [0x00000007a5380000,0x00000007a5877050,0x00000007a5880000)
  to   space 9216K, 0% used [0x00000007a5880000,0x00000007a5880000,0x00000007a6180000)
 ParOldGen       total 64512K, used 50404K [0x0000000740000000, 0x0000000743f00000, 0x0000000795580000)
  object space 64512K, 78% used [0x0000000740000000,0x0000000743139320,0x0000000743f00000)
 Metaspace       used 21769K, capacity 22456K, committed 22784K, reserved 1069056K
  class space    used 2831K, capacity 3035K, committed 3072K, reserved 1048576K
}
Event: 55.878 GC heap before
{Heap before GC invocations=21 (full 1):
 PSYoungGen      total 145920K, used 145285K [0x0000000795580000, 0x00000007a6180000, 0x00000007c0000000)
  eden space 140800K, 99% used [0x0000000795580000,0x000000079de6a698,0x000000079df00000)
  from space 5120K, 99% used [0x00000007a5380000,0x00000007a5877050,0x00000007a5880000)
  to   space 9216K, 0% used [0x00000007a5880000,0x00000007a5880000,0x00000007a6180000)
 ParOldGen       total 64512K, used 50404K [0x0000000740000000, 0x0000000743f00000, 0x0000000795580000)
  object space 64512K, 78% used [0x0000000740000000,0x0000000743139320,0x0000000743f00000)
 Metaspace       used 21790K, capacity 22456K, committed 22784K, reserved 1069056K
  class space    used 2831K, capacity 3035K, committed 3072K, reserved 1048576K
Event: 55.888 GC heap after
Heap after GC invocations=21 (full 1):
 PSYoungGen      total 144896K, used 8860K [0x0000000795580000, 0x00000007a6180000, 0x00000007c0000000)
  eden space 135680K, 0% used [0x0000000795580000,0x0000000795580000,0x000000079da00000)
  from space 9216K, 96% used [0x00000007a5880000,0x00000007a6127080,0x00000007a6180000)
  to   space 10752K, 0% used [0x00000007a4c80000,0x00000007a4c80000,0x00000007a5700000)
 ParOldGen       total 64512K, used 55060K [0x0000000740000000, 0x0000000743f00000, 0x0000000795580000)
  object space 64512K, 85% used [0x0000000740000000,0x00000007435c5360,0x0000000743f00000)
 Metaspace       used 21790K, capacity 22456K, committed 22784K, reserved 1069056K
  class space    used 2831K, capacity 3035K, committed 3072K, reserved 1048576K
}
Event: 56.847 GC heap before
{Heap before GC invocations=22 (full 1):
 PSYoungGen      total 144896K, used 144540K [0x0000000795580000, 0x00000007a6180000, 0x00000007c0000000)
  eden space 135680K, 100% used [0x0000000795580000,0x000000079da00000,0x000000079da00000)
  from space 9216K, 96% used [0x00000007a5880000,0x00000007a6127080,0x00000007a6180000)
  to   space 10752K, 0% used [0x00000007a4c80000,0x00000007a4c80000,0x00000007a5700000)
 ParOldGen       total 64512K, used 55060K [0x0000000740000000, 0x0000000743f00000, 0x0000000795580000)
  object space 64512K, 85% used [0x0000000740000000,0x00000007435c5360,0x0000000743f00000)
 Metaspace       used 21826K, capacity 22552K, committed 22784K, reserved 1069056K
  class space    used 2835K, capacity 3041K, committed 3072K, reserved 1048576K
Event: 56.854 GC heap after
Heap after GC invocations=22 (full 1):
 PSYoungGen      total 134656K, used 3760K [0x0000000795580000, 0x00000007a5900000, 0x00000007c0000000)
  eden space 130560K, 0% used [0x0000000795580000,0x0000000795580000,0x000000079d500000)
  from space 4096K, 91% used [0x00000007a4c80000,0x00000007a502c030,0x00000007a5080000)
  to   space 8704K, 0% used [0x00000007a5080000,0x00000007a5080000,0x00000007a5900000)
 ParOldGen       total 64512K, used 58706K [0x0000000740000000, 0x0000000743f00000, 0x0000000795580000)
  object space 64512K, 91% used [0x0000000740000000,0x0000000743954ba0,0x0000000743f00000)
 Metaspace       used 21826K, capacity 22552K, committed 22784K, reserved 1069056K
  class space    used 2835K, capacity 3041K, committed 3072K, reserved 1048576K
}
Event: 56.854 GC heap before
{Heap before GC invocations=23 (full 2):
 PSYoungGen      total 134656K, used 3760K [0x0000000795580000, 0x00000007a5900000, 0x00000007c0000000)
  eden space 130560K, 0% used [0x0000000795580000,0x0000000795580000,0x000000079d500000)
  from space 4096K, 91% used [0x00000007a4c80000,0x00000007a502c030,0x00000007a5080000)
  to   space 8704K, 0% used [0x00000007a5080000,0x00000007a5080000,0x00000007a5900000)
 ParOldGen       total 64512K, used 58706K [0x0000000740000000, 0x0000000743f00000, 0x0000000795580000)
  object space 64512K, 91% used [0x0000000740000000,0x0000000743954ba0,0x0000000743f00000)
 Metaspace       used 21826K, capacity 22552K, committed 22784K, reserved 1069056K
  class space    used 2835K, capacity 3041K, committed 3072K, reserved 1048576K
Event: 56.903 GC heap after
Heap after GC invocations=23 (full 2):
 PSYoungGen      total 134656K, used 0K [0x0000000795580000, 0x00000007a5900000, 0x00000007c0000000)
  eden space 130560K, 0% used [0x0000000795580000,0x0000000795580000,0x000000079d500000)
  from space 4096K, 0% used [0x00000007a4c80000,0x00000007a4c80000,0x00000007a5080000)
  to   space 8704K, 0% used [0x00000007a5080000,0x00000007a5080000,0x00000007a5900000)
 ParOldGen       total 58880K, used 12060K [0x0000000740000000, 0x0000000743980000, 0x0000000795580000)
  object space 58880K, 20% used [0x0000000740000000,0x0000000740bc7130,0x0000000743980000)
 Metaspace       used 21826K, capacity 22552K, committed 22784K, reserved 1069056K
  class space    used 2835K, capacity 3041K, committed 3072K, reserved 1048576K
}

