# JRE version: Java(TM) SE Runtime Environment (8.0_131-b11) (build 1.8.0_131-b11)
# Java VM: Java HotSpot(TM) 64-Bit Server VM (25.131-b11 mixed mode bsd-amd64 compressed oops)
Heap:
 PSYoungGen      total 188928K, used 92781K [0x0000000795580000, 0x00000007a2380000, 0x00000007c0000000)
  eden space 177664K, 48% used [0x0000000795580000,0x000000079aa625e8,0x00000007a0300000)
  from space 11264K, 52% used [0x00000007a0300000,0x00000007a08b9050,0x00000007a0e00000)
  to   space 10752K, 0% used [0x00000007a1900000,0x00000007a1900000,0x00000007a2380000)
 ParOldGen       total 105472K, used 104142K [0x0000000740000000, 0x0000000746700000, 0x0000000795580000)
  object space 105472K, 98% used [0x0000000740000000,0x00000007465b3b58,0x0000000746700000)
 Metaspace       used 22561K, capacity 23264K, committed 23424K, reserved 1069056K
  class space    used 2914K, capacity 3119K, committed 3200K, reserved 1048576K
GC Heap History (10 events):
Event: 284.154 GC heap before
{Heap before GC invocations=373 (full 24):
 PSYoungGen      total 165888K, used 162956K [0x0000000795580000, 0x00000007a0280000, 0x00000007c0000000)
  eden space 157696K, 100% used [0x0000000795580000,0x000000079ef80000,0x000000079ef80000)
  from space 8192K, 64% used [0x000000079fa80000,0x000000079ffa3050,0x00000007a0280000)
  to   space 9728K, 0% used [0x000000079ef80000,0x000000079ef80000,0x000000079f900000)
 ParOldGen       total 88064K, used 86741K [0x0000000740000000, 0x0000000745600000, 0x0000000795580000)
  object space 88064K, 98% used [0x0000000740000000,0x00000007454b5450,0x0000000745600000)
 Metaspace       used 22529K, capacity 23214K, committed 23424K, reserved 1069056K
  class space    used 2908K, capacity 3108K, committed 3200K, reserved 1048576K
Event: 284.158 GC heap after
Heap after GC invocations=373 (full 24):
 PSYoungGen      total 167424K, used 7660K [0x0000000795580000, 0x00000007a0e00000, 0x00000007c0000000)
  eden space 157696K, 0% used [0x0000000795580000,0x0000000795580000,0x000000079ef80000)
  from space 9728K, 78% used [0x000000079ef80000,0x000000079f6fb070,0x000000079f900000)
  to   space 10240K, 0% used [0x00000007a0400000,0x00000007a0400000,0x00000007a0e00000)
 ParOldGen       total 88064K, used 86741K [0x0000000740000000, 0x0000000745600000, 0x0000000795580000)
  object space 88064K, 98% used [0x0000000740000000,0x00000007454b5450,0x0000000745600000)
 Metaspace       used 22529K, capacity 23214K, committed 23424K, reserved 1069056K
  class space    used 2908K, capacity 3108K, committed 3200K, reserved 1048576K
}
Event: 284.739 GC heap before
{Heap before GC invocations=374 (full 24):
 PSYoungGen      total 167424K, used 165356K [0x0000000795580000, 0x00000007a0e00000, 0x00000007c0000000)
  eden space 157696K, 100% used [0x0000000795580000,0x000000079ef80000,0x000000079ef80000)
  from space 9728K, 78% used [0x000000079ef80000,0x000000079f6fb070,0x000000079f900000)
  to   space 10240K, 0% used [0x00000007a0400000,0x00000007a0400000,0x00000007a0e00000)
 ParOldGen       total 105472K, used 104142K [0x0000000740000000, 0x0000000746700000, 0x0000000795580000)
  object space 105472K, 98% used [0x0000000740000000,0x00000007465b3b58,0x0000000746700000)
 Metaspace       used 22529K, capacity 23214K, committed 23424K, reserved 1069056K
  class space    used 2908K, capacity 3108K, committed 3200K, reserved 1048576K
Event: 284.740 GC heap after
Heap after GC invocations=374 (full 24):
 PSYoungGen      total 177664K, used 128K [0x0000000795580000, 0x00000007a0e00000, 0x00000007c0000000)
  eden space 167424K, 0% used [0x0000000795580000,0x0000000795580000,0x000000079f900000)
  from space 10240K, 1% used [0x00000007a0400000,0x00000007a0420000,0x00000007a0e00000)
  to   space 10752K, 0% used [0x000000079f900000,0x000000079f900000,0x00000007a0380000)
 ParOldGen       total 105472K, used 104142K [0x0000000740000000, 0x0000000746700000, 0x0000000795580000)
  object space 105472K, 98% used [0x0000000740000000,0x00000007465b3b58,0x0000000746700000)
 Metaspace       used 22529K, capacity 23214K, committed 23424K, reserved 1069056K
  class space    used 2908K, capacity 3108K, committed 3200K, reserved 1048576K
}
Event: 285.273 GC heap before
{Heap before GC invocations=375 (full 24):
 PSYoungGen      total 177664K, used 166726K [0x0000000795580000, 0x00000007a0e00000, 0x00000007c0000000)
  eden space 167424K, 99% used [0x0000000795580000,0x000000079f831ad0,0x000000079f900000)
  from space 10240K, 1% used [0x00000007a0400000,0x00000007a0420000,0x00000007a0e00000)
  to   space 10752K, 0% used [0x000000079f900000,0x000000079f900000,0x00000007a0380000)
 ParOldGen       total 105472K, used 104142K [0x0000000740000000, 0x0000000746700000, 0x0000000795580000)
  object space 105472K, 98% used [0x0000000740000000,0x00000007465b3b58,0x0000000746700000)
 Metaspace       used 22529K, capacity 23214K, committed 23424K, reserved 1069056K
  class space    used 2908K, capacity 3108K, committed 3200K, reserved 1048576K
Event: 285.276 GC heap after
Heap after GC invocations=375 (full 24):
 PSYoungGen      total 178176K, used 6160K [0x0000000795580000, 0x00000007a1880000, 0x00000007c0000000)
  eden space 167424K, 0% used [0x0000000795580000,0x0000000795580000,0x000000079f900000)
  from space 10752K, 57% used [0x000000079f900000,0x000000079ff04050,0x00000007a0380000)
  to   space 10752K, 0% used [0x00000007a0e00000,0x00000007a0e00000,0x00000007a1880000)
 ParOldGen       total 105472K, used 104142K [0x0000000740000000, 0x0000000746700000, 0x0000000795580000)
  object space 105472K, 98% used [0x0000000740000000,0x00000007465b3b58,0x0000000746700000)
 Metaspace       used 22529K, capacity 23214K, committed 23424K, reserved 1069056K
  class space    used 2908K, capacity 3108K, committed 3200K, reserved 1048576K
}
Event: 285.958 GC heap before
{Heap before GC invocations=376 (full 24):
 PSYoungGen      total 178176K, used 172754K [0x0000000795580000, 0x00000007a1880000, 0x00000007c0000000)
  eden space 167424K, 99% used [0x0000000795580000,0x000000079f830ba0,0x000000079f900000)
  from space 10752K, 57% used [0x000000079f900000,0x000000079ff04050,0x00000007a0380000)
  to   space 10752K, 0% used [0x00000007a0e00000,0x00000007a0e00000,0x00000007a1880000)
 ParOldGen       total 105472K, used 104142K [0x0000000740000000, 0x0000000746700000, 0x0000000795580000)
  object space 105472K, 98% used [0x0000000740000000,0x00000007465b3b58,0x0000000746700000)
 Metaspace       used 22529K, capacity 23214K, committed 23424K, reserved 1069056K
  class space    used 2908K, capacity 3108K, committed 3200K, reserved 1048576K
Event: 285.963 GC heap after
Heap after GC invocations=376 (full 24):
 PSYoungGen      total 188416K, used 8560K [0x0000000795580000, 0x00000007a1a80000, 0x00000007c0000000)
  eden space 177664K, 0% used [0x0000000795580000,0x0000000795580000,0x00000007a0300000)
  from space 10752K, 79% used [0x00000007a0e00000,0x00000007a165c070,0x00000007a1880000)
  to   space 11264K, 0% used [0x00000007a0300000,0x00000007a0300000,0x00000007a0e00000)
 ParOldGen       total 105472K, used 104142K [0x0000000740000000, 0x0000000746700000, 0x0000000795580000)
  object space 105472K, 98% used [0x0000000740000000,0x00000007465b3b58,0x0000000746700000)
 Metaspace       used 22529K, capacity 23214K, committed 23424K, reserved 1069056K
  class space    used 2908K, capacity 3108K, committed 3200K, reserved 1048576K
}
Event: 287.225 GC heap before
{Heap before GC invocations=377 (full 24):
 PSYoungGen      total 188416K, used 185570K [0x0000000795580000, 0x00000007a1a80000, 0x00000007c0000000)
  eden space 177664K, 99% used [0x0000000795580000,0x00000007a025c948,0x00000007a0300000)
  from space 10752K, 79% used [0x00000007a0e00000,0x00000007a165c070,0x00000007a1880000)
  to   space 11264K, 0% used [0x00000007a0300000,0x00000007a0300000,0x00000007a0e00000)
 ParOldGen       total 105472K, used 104142K [0x0000000740000000, 0x0000000746700000, 0x0000000795580000)
  object space 105472K, 98% used [0x0000000740000000,0x00000007465b3b58,0x0000000746700000)
 Metaspace       used 22529K, capacity 23214K, committed 23424K, reserved 1069056K
  class space    used 2908K, capacity 3108K, committed 3200K, reserved 1048576K
Event: 287.230 GC heap after
Heap after GC invocations=377 (full 24):
 PSYoungGen      total 188928K, used 5860K [0x0000000795580000, 0x00000007a2380000, 0x00000007c0000000)
  eden space 177664K, 0% used [0x0000000795580000,0x0000000795580000,0x00000007a0300000)
  from space 11264K, 52% used [0x00000007a0300000,0x00000007a08b9050,0x00000007a0e00000)
  to   space 10752K, 0% used [0x00000007a1900000,0x00000007a1900000,0x00000007a2380000)
 ParOldGen       total 105472K, used 104142K [0x0000000740000000, 0x0000000746700000, 0x0000000795580000)
  object space 105472K, 98% used [0x0000000740000000,0x00000007465b3b58,0x0000000746700000)
 Metaspace       used 22529K, capacity 23214K, committed 23424K, reserved 1069056K
  class space    used 2908K, capacity 3108K, committed 3200K, reserved 1048576K
}

