# JRE version: Java(TM) SE Runtime Environment (8.0_131-b11) (build 1.8.0_131-b11)
# Java VM: Java HotSpot(TM) 64-Bit Server VM (25.131-b11 mixed mode bsd-amd64 compressed oops)
Heap:
 PSYoungGen      total 165376K, used 82761K [0x0000000795580000, 0x00000007a1700000, 0x00000007c0000000)
  eden space 158720K, 48% used [0x0000000795580000,0x000000079a0464b8,0x000000079f080000)
  from space 6656K, 93% used [0x00000007a0c80000,0x00000007a128c050,0x00000007a1300000)
  to   space 4096K, 0% used [0x00000007a1300000,0x00000007a1300000,0x00000007a1700000)
 ParOldGen       total 114688K, used 26466K [0x0000000740000000, 0x0000000747000000, 0x0000000795580000)
  object space 114688K, 23% used [0x0000000740000000,0x00000007419d8b40,0x0000000747000000)
 Metaspace       used 23162K, capacity 23968K, committed 24192K, reserved 1071104K
  class space    used 2938K, capacity 3119K, committed 3200K, reserved 1048576K
GC Heap History (10 events):
Event: 233.998 GC heap before
{Heap before GC invocations=349 (full 17):
 PSYoungGen      total 158208K, used 157804K [0x0000000795580000, 0x00000007a2200000, 0x00000007c0000000)
  eden space 152576K, 100% used [0x0000000795580000,0x000000079ea80000,0x000000079ea80000)
  from space 5632K, 92% used [0x00000007a1580000,0x00000007a1a9b050,0x00000007a1b00000)
  to   space 7168K, 0% used [0x00000007a1b00000,0x00000007a1b00000,0x00000007a2200000)
 ParOldGen       total 109056K, used 104001K [0x0000000740000000, 0x0000000746a80000, 0x0000000795580000)
  object space 109056K, 95% used [0x0000000740000000,0x00000007465907c0,0x0000000746a80000)
 Metaspace       used 23116K, capacity 23726K, committed 23936K, reserved 1071104K
  class space    used 2931K, capacity 3108K, committed 3200K, reserved 1048576K
Event: 234.003 GC heap after
Heap after GC invocations=349 (full 17):
 PSYoungGen      total 179200K, used 4928K [0x0000000795580000, 0x00000007a2000000, 0x00000007c0000000)
  eden space 174080K, 0% used [0x0000000795580000,0x0000000795580000,0x000000079ff80000)
  from space 5120K, 96% used [0x00000007a1b00000,0x00000007a1fd0040,0x00000007a2000000)
  to   space 7680K, 0% used [0x00000007a1100000,0x00000007a1100000,0x00000007a1880000)
 ParOldGen       total 109056K, used 107625K [0x0000000740000000, 0x0000000746a80000, 0x0000000795580000)
  object space 109056K, 98% used [0x0000000740000000,0x000000074691a7f0,0x0000000746a80000)
 Metaspace       used 23116K, capacity 23726K, committed 23936K, reserved 1071104K
  class space    used 2931K, capacity 3108K, committed 3200K, reserved 1048576K
}
Event: 234.003 GC heap before
{Heap before GC invocations=350 (full 18):
 PSYoungGen      total 179200K, used 4928K [0x0000000795580000, 0x00000007a2000000, 0x00000007c0000000)
  eden space 174080K, 0% used [0x0000000795580000,0x0000000795580000,0x000000079ff80000)
  from space 5120K, 96% used [0x00000007a1b00000,0x00000007a1fd0040,0x00000007a2000000)
  to   space 7680K, 0% used [0x00000007a1100000,0x00000007a1100000,0x00000007a1880000)
 ParOldGen       total 109056K, used 107625K [0x0000000740000000, 0x0000000746a80000, 0x0000000795580000)
  object space 109056K, 98% used [0x0000000740000000,0x000000074691a7f0,0x0000000746a80000)
 Metaspace       used 23116K, capacity 23726K, committed 23936K, reserved 1071104K
  class space    used 2931K, capacity 3108K, committed 3200K, reserved 1048576K
Event: 234.038 GC heap after
Heap after GC invocations=350 (full 18):
 PSYoungGen      total 179200K, used 0K [0x0000000795580000, 0x00000007a2000000, 0x00000007c0000000)
  eden space 174080K, 0% used [0x0000000795580000,0x0000000795580000,0x000000079ff80000)
  from space 5120K, 0% used [0x00000007a1b00000,0x00000007a1b00000,0x00000007a2000000)
  to   space 7680K, 0% used [0x00000007a1100000,0x00000007a1100000,0x00000007a1880000)
 ParOldGen       total 114688K, used 14394K [0x0000000740000000, 0x0000000747000000, 0x0000000795580000)
  object space 114688K, 12% used [0x0000000740000000,0x0000000740e0eaa0,0x0000000747000000)
 Metaspace       used 23116K, capacity 23726K, committed 23936K, reserved 1071104K
  class space    used 2931K, capacity 3108K, committed 3200K, reserved 1048576K
}
Event: 234.684 GC heap before
{Heap before GC invocations=351 (full 18):
 PSYoungGen      total 179200K, used 172977K [0x0000000795580000, 0x00000007a2000000, 0x00000007c0000000)
  eden space 174080K, 99% used [0x0000000795580000,0x000000079fe6c568,0x000000079ff80000)
  from space 5120K, 0% used [0x00000007a1b00000,0x00000007a1b00000,0x00000007a2000000)
  to   space 7680K, 0% used [0x00000007a1100000,0x00000007a1100000,0x00000007a1880000)
 ParOldGen       total 114688K, used 14394K [0x0000000740000000, 0x0000000747000000, 0x0000000795580000)
  object space 114688K, 12% used [0x0000000740000000,0x0000000740e0eaa0,0x0000000747000000)
 Metaspace       used 23116K, capacity 23726K, committed 23936K, reserved 1071104K
  class space    used 2931K, capacity 3108K, committed 3200K, reserved 1048576K
Event: 234.686 GC heap after
Heap after GC invocations=351 (full 18):
 PSYoungGen      total 174592K, used 5260K [0x0000000795580000, 0x00000007a1b80000, 0x00000007c0000000)
  eden space 168960K, 0% used [0x0000000795580000,0x0000000795580000,0x000000079fa80000)
  from space 5632K, 93% used [0x00000007a1100000,0x00000007a1623050,0x00000007a1680000)
  to   space 5120K, 0% used [0x00000007a1680000,0x00000007a1680000,0x00000007a1b80000)
 ParOldGen       total 114688K, used 14394K [0x0000000740000000, 0x0000000747000000, 0x0000000795580000)
  object space 114688K, 12% used [0x0000000740000000,0x0000000740e0eaa0,0x0000000747000000)
 Metaspace       used 23116K, capacity 23726K, committed 23936K, reserved 1071104K
  class space    used 2931K, capacity 3108K, committed 3200K, reserved 1048576K
}
Event: 235.223 GC heap before
{Heap before GC invocations=352 (full 18):
 PSYoungGen      total 174592K, used 173329K [0x0000000795580000, 0x00000007a1b80000, 0x00000007c0000000)
  eden space 168960K, 99% used [0x0000000795580000,0x000000079f9a1438,0x000000079fa80000)
  from space 5632K, 93% used [0x00000007a1100000,0x00000007a1623050,0x00000007a1680000)
  to   space 5120K, 0% used [0x00000007a1680000,0x00000007a1680000,0x00000007a1b80000)
 ParOldGen       total 114688K, used 14394K [0x0000000740000000, 0x0000000747000000, 0x0000000795580000)
  object space 114688K, 12% used [0x0000000740000000,0x0000000740e0eaa0,0x0000000747000000)
 Metaspace       used 23116K, capacity 23726K, committed 23936K, reserved 1071104K
  class space    used 2931K, capacity 3108K, committed 3200K, reserved 1048576K
Event: 235.227 GC heap after
Heap after GC invocations=352 (full 18):
 PSYoungGen      total 168960K, used 4960K [0x0000000795580000, 0x00000007a1b80000, 0x00000007c0000000)
  eden space 163840K, 0% used [0x0000000795580000,0x0000000795580000,0x000000079f580000)
  from space 5120K, 96% used [0x00000007a1680000,0x00000007a1b58040,0x00000007a1b80000)
  to   space 7680K, 0% used [0x00000007a0c80000,0x00000007a0c80000,0x00000007a1400000)
 ParOldGen       total 114688K, used 22826K [0x0000000740000000, 0x0000000747000000, 0x0000000795580000)
  object space 114688K, 19% used [0x0000000740000000,0x000000074164ab10,0x0000000747000000)
 Metaspace       used 23116K, capacity 23726K, committed 23936K, reserved 1071104K
  class space    used 2931K, capacity 3108K, committed 3200K, reserved 1048576K
}
Event: 235.749 GC heap before
{Heap before GC invocations=353 (full 18):
 PSYoungGen      total 168960K, used 168800K [0x0000000795580000, 0x00000007a1b80000, 0x00000007c0000000)
  eden space 163840K, 100% used [0x0000000795580000,0x000000079f580000,0x000000079f580000)
  from space 5120K, 96% used [0x00000007a1680000,0x00000007a1b58040,0x00000007a1b80000)
  to   space 7680K, 0% used [0x00000007a0c80000,0x00000007a0c80000,0x00000007a1400000)
 ParOldGen       total 114688K, used 22826K [0x0000000740000000, 0x0000000747000000, 0x0000000795580000)
  object space 114688K, 19% used [0x0000000740000000,0x000000074164ab10,0x0000000747000000)
 Metaspace       used 23116K, capacity 23726K, committed 23936K, reserved 1071104K
  class space    used 2931K, capacity 3108K, committed 3200K, reserved 1048576K
Event: 235.753 GC heap after
Heap after GC invocations=353 (full 18):
 PSYoungGen      total 165376K, used 6192K [0x0000000795580000, 0x00000007a1700000, 0x00000007c0000000)
  eden space 158720K, 0% used [0x0000000795580000,0x0000000795580000,0x000000079f080000)
  from space 6656K, 93% used [0x00000007a0c80000,0x00000007a128c050,0x00000007a1300000)
  to   space 4096K, 0% used [0x00000007a1300000,0x00000007a1300000,0x00000007a1700000)
 ParOldGen       total 114688K, used 26466K [0x0000000740000000, 0x0000000747000000, 0x0000000795580000)
  object space 114688K, 23% used [0x0000000740000000,0x00000007419d8b40,0x0000000747000000)
 Metaspace       used 23116K, capacity 23726K, committed 23936K, reserved 1071104K
  class space    used 2931K, capacity 3108K, committed 3200K, reserved 1048576K
}

