# JRE version: Java(TM) SE Runtime Environment (8.0_131-b11) (build 1.8.0_131-b11)
# Java VM: Java HotSpot(TM) 64-Bit Server VM (25.131-b11 mixed mode bsd-amd64 compressed oops)
Heap:
 PSYoungGen      total 90112K, used 85883K [0x0000000795580000, 0x000000079c200000, 0x00000007c0000000)
  eden space 79872K, 98% used [0x0000000795580000,0x000000079a279da8,0x000000079a380000)
  from space 10240K, 68% used [0x000000079a380000,0x000000079aa65060,0x000000079ad80000)
  to   space 10240K, 0% used [0x000000079b800000,0x000000079b800000,0x000000079c200000)
 ParOldGen       total 105984K, used 40683K [0x0000000740000000, 0x0000000746780000, 0x0000000795580000)
  object space 105984K, 38% used [0x0000000740000000,0x00000007427bac00,0x0000000746780000)
 Metaspace       used 22961K, capacity 23652K, committed 23936K, reserved 1071104K
  class space    used 2935K, capacity 3119K, committed 3200K, reserved 1048576K
GC Heap History (10 events):
Event: 492.128 GC heap before
{Heap before GC invocations=817 (full 26):
 PSYoungGen      total 72704K, used 66317K [0x0000000795580000, 0x000000079a680000, 0x00000007c0000000)
  eden space 62464K, 98% used [0x0000000795580000,0x000000079916b508,0x0000000799280000)
  from space 10240K, 48% used [0x0000000799c80000,0x000000079a158040,0x000000079a680000)
  to   space 10240K, 0% used [0x0000000799280000,0x0000000799280000,0x0000000799c80000)
 ParOldGen       total 105984K, used 22578K [0x0000000740000000, 0x0000000746780000, 0x0000000795580000)
  object space 105984K, 21% used [0x0000000740000000,0x000000074160cb10,0x0000000746780000)
 Metaspace       used 22914K, capacity 23602K, committed 23936K, reserved 1071104K
  class space    used 2928K, capacity 3108K, committed 3200K, reserved 1048576K
Event: 492.130 GC heap after
Heap after GC invocations=817 (full 26):
 PSYoungGen      total 72704K, used 7360K [0x0000000795580000, 0x000000079ae80000, 0x00000007c0000000)
  eden space 62464K, 0% used [0x0000000795580000,0x0000000795580000,0x0000000799280000)
  from space 10240K, 71% used [0x0000000799280000,0x00000007999b0060,0x0000000799c80000)
  to   space 10240K, 0% used [0x000000079a480000,0x000000079a480000,0x000000079ae80000)
 ParOldGen       total 105984K, used 26202K [0x0000000740000000, 0x0000000746780000, 0x0000000795580000)
  object space 105984K, 24% used [0x0000000740000000,0x0000000741996b40,0x0000000746780000)
 Metaspace       used 22914K, capacity 23602K, committed 23936K, reserved 1071104K
  class space    used 2928K, capacity 3108K, committed 3200K, reserved 1048576K
}
Event: 492.520 GC heap before
{Heap before GC invocations=818 (full 26):
 PSYoungGen      total 72704K, used 68722K [0x0000000795580000, 0x000000079ae80000, 0x00000007c0000000)
  eden space 62464K, 98% used [0x0000000795580000,0x000000079916c968,0x0000000799280000)
  from space 10240K, 71% used [0x0000000799280000,0x00000007999b0060,0x0000000799c80000)
  to   space 10240K, 0% used [0x000000079a480000,0x000000079a480000,0x000000079ae80000)
 ParOldGen       total 105984K, used 26202K [0x0000000740000000, 0x0000000746780000, 0x0000000795580000)
  object space 105984K, 24% used [0x0000000740000000,0x0000000741996b40,0x0000000746780000)
 Metaspace       used 22914K, capacity 23602K, committed 23936K, reserved 1071104K
  class space    used 2928K, capacity 3108K, committed 3200K, reserved 1048576K
Event: 492.524 GC heap after
Heap after GC invocations=818 (full 26):
 PSYoungGen      total 80896K, used 4960K [0x0000000795580000, 0x000000079af00000, 0x00000007c0000000)
  eden space 70656K, 0% used [0x0000000795580000,0x0000000795580000,0x0000000799a80000)
  from space 10240K, 48% used [0x000000079a480000,0x000000079a958040,0x000000079ae80000)
  to   space 10240K, 0% used [0x0000000799a80000,0x0000000799a80000,0x000000079a480000)
 ParOldGen       total 105984K, used 29826K [0x0000000740000000, 0x0000000746780000, 0x0000000795580000)
  object space 105984K, 28% used [0x0000000740000000,0x0000000741d20b70,0x0000000746780000)
 Metaspace       used 22914K, capacity 23602K, committed 23936K, reserved 1071104K
  class space    used 2928K, capacity 3108K, committed 3200K, reserved 1048576K
}
Event: 492.946 GC heap before
{Heap before GC invocations=819 (full 26):
 PSYoungGen      total 80896K, used 75388K [0x0000000795580000, 0x000000079af00000, 0x00000007c0000000)
  eden space 70656K, 99% used [0x0000000795580000,0x0000000799a471e8,0x0000000799a80000)
  from space 10240K, 48% used [0x000000079a480000,0x000000079a958040,0x000000079ae80000)
  to   space 10240K, 0% used [0x0000000799a80000,0x0000000799a80000,0x000000079a480000)
 ParOldGen       total 105984K, used 29826K [0x0000000740000000, 0x0000000746780000, 0x0000000795580000)
  object space 105984K, 28% used [0x0000000740000000,0x0000000741d20b70,0x0000000746780000)
 Metaspace       used 22914K, capacity 23602K, committed 23936K, reserved 1071104K
  class space    used 2928K, capacity 3108K, committed 3200K, reserved 1048576K
Event: 492.948 GC heap after
Heap after GC invocations=819 (full 26):
 PSYoungGen      total 80896K, used 4060K [0x0000000795580000, 0x000000079b780000, 0x00000007c0000000)
  eden space 70656K, 0% used [0x0000000795580000,0x0000000795580000,0x0000000799a80000)
  from space 10240K, 39% used [0x0000000799a80000,0x0000000799e77040,0x000000079a480000)
  to   space 10240K, 0% used [0x000000079ad80000,0x000000079ad80000,0x000000079b780000)
 ParOldGen       total 105984K, used 33450K [0x0000000740000000, 0x0000000746780000, 0x0000000795580000)
  object space 105984K, 31% used [0x0000000740000000,0x00000007420aaba0,0x0000000746780000)
 Metaspace       used 22914K, capacity 23602K, committed 23936K, reserved 1071104K
  class space    used 2928K, capacity 3108K, committed 3200K, reserved 1048576K
}
Event: 493.355 GC heap before
{Heap before GC invocations=820 (full 26):
 PSYoungGen      total 80896K, used 73892K [0x0000000795580000, 0x000000079b780000, 0x00000007c0000000)
  eden space 70656K, 98% used [0x0000000795580000,0x00000007999b2110,0x0000000799a80000)
  from space 10240K, 39% used [0x0000000799a80000,0x0000000799e77040,0x000000079a480000)
  to   space 10240K, 0% used [0x000000079ad80000,0x000000079ad80000,0x000000079b780000)
 ParOldGen       total 105984K, used 33450K [0x0000000740000000, 0x0000000746780000, 0x0000000795580000)
  object space 105984K, 31% used [0x0000000740000000,0x00000007420aaba0,0x0000000746780000)
 Metaspace       used 22914K, capacity 23602K, committed 23936K, reserved 1071104K
  class space    used 2928K, capacity 3108K, committed 3200K, reserved 1048576K
Event: 493.359 GC heap after
Heap after GC invocations=820 (full 26):
 PSYoungGen      total 90112K, used 7360K [0x0000000795580000, 0x000000079b800000, 0x00000007c0000000)
  eden space 79872K, 0% used [0x0000000795580000,0x0000000795580000,0x000000079a380000)
  from space 10240K, 71% used [0x000000079ad80000,0x000000079b4b0060,0x000000079b780000)
  to   space 10240K, 0% used [0x000000079a380000,0x000000079a380000,0x000000079ad80000)
 ParOldGen       total 105984K, used 37066K [0x0000000740000000, 0x0000000746780000, 0x0000000795580000)
  object space 105984K, 34% used [0x0000000740000000,0x0000000742432bd0,0x0000000746780000)
 Metaspace       used 22914K, capacity 23602K, committed 23936K, reserved 1071104K
  class space    used 2928K, capacity 3108K, committed 3200K, reserved 1048576K
}
Event: 493.842 GC heap before
{Heap before GC invocations=821 (full 26):
 PSYoungGen      total 90112K, used 87070K [0x0000000795580000, 0x000000079b800000, 0x00000007c0000000)
  eden space 79872K, 99% used [0x0000000795580000,0x000000079a357b40,0x000000079a380000)
  from space 10240K, 71% used [0x000000079ad80000,0x000000079b4b0060,0x000000079b780000)
  to   space 10240K, 0% used [0x000000079a380000,0x000000079a380000,0x000000079ad80000)
 ParOldGen       total 105984K, used 37066K [0x0000000740000000, 0x0000000746780000, 0x0000000795580000)
  object space 105984K, 34% used [0x0000000740000000,0x0000000742432bd0,0x0000000746780000)
 Metaspace       used 22914K, capacity 23602K, committed 23936K, reserved 1071104K
  class space    used 2928K, capacity 3108K, committed 3200K, reserved 1048576K
Event: 493.845 GC heap after
Heap after GC invocations=821 (full 26):
 PSYoungGen      total 90112K, used 7060K [0x0000000795580000, 0x000000079c200000, 0x00000007c0000000)
  eden space 79872K, 0% used [0x0000000795580000,0x0000000795580000,0x000000079a380000)
  from space 10240K, 68% used [0x000000079a380000,0x000000079aa65060,0x000000079ad80000)
  to   space 10240K, 0% used [0x000000079b800000,0x000000079b800000,0x000000079c200000)
 ParOldGen       total 105984K, used 40683K [0x0000000740000000, 0x0000000746780000, 0x0000000795580000)
  object space 105984K, 38% used [0x0000000740000000,0x00000007427bac00,0x0000000746780000)
 Metaspace       used 22914K, capacity 23602K, committed 23936K, reserved 1071104K
  class space    used 2928K, capacity 3108K, committed 3200K, reserved 1048576K
}

